2019-02-21 10:23:51.779 [background-preinit] DEBUG org.jboss.logging-Logging Provider: org.jboss.logging.Log4j2LoggerProvider
2019-02-21 10:23:52.917 [restartedMain] INFO  com.sjy.Application-The following profiles are active: swagger,dev
2019-02-21 10:23:56.838 [restartedMain] ERROR org.springframework.beans.factory.support.DefaultListableBeanFactory-Destroy method on bean with name 'org.springframework.boot.autoconfigure.internalCachingMetadataReaderFactory' threw an exception
java.lang.IllegalStateException: ApplicationEventMulticaster not initialized - call 'refresh' before multicasting events via the context: org.springframework.boot.context.embedded.AnnotationConfigEmbeddedWebApplicationContext@162478e: startup date [Thu Feb 21 10:23:52 CST 2019]; parent: org.springframework.context.annotation.AnnotationConfigApplicationContext@11c5cf1
	at org.springframework.context.support.AbstractApplicationContext.getApplicationEventMulticaster(AbstractApplicationContext.java:404) ~[spring-context-4.3.8.RELEASE.jar:4.3.8.RELEASE]
	at org.springframework.context.support.ApplicationListenerDetector.postProcessBeforeDestruction(ApplicationListenerDetector.java:97) ~[spring-context-4.3.8.RELEASE.jar:4.3.8.RELEASE]
	at org.springframework.beans.factory.support.DisposableBeanAdapter.destroy(DisposableBeanAdapter.java:253) ~[spring-beans-4.3.8.RELEASE.jar:4.3.8.RELEASE]
	at org.springframework.beans.factory.support.DefaultSingletonBeanRegistry.destroyBean(DefaultSingletonBeanRegistry.java:578) [spring-beans-4.3.8.RELEASE.jar:4.3.8.RELEASE]
	at org.springframework.beans.factory.support.DefaultSingletonBeanRegistry.destroySingleton(DefaultSingletonBeanRegistry.java:554) [spring-beans-4.3.8.RELEASE.jar:4.3.8.RELEASE]
	at org.springframework.beans.factory.support.DefaultListableBeanFactory.destroySingleton(DefaultListableBeanFactory.java:961) [spring-beans-4.3.8.RELEASE.jar:4.3.8.RELEASE]
	at org.springframework.beans.factory.support.DefaultSingletonBeanRegistry.destroySingletons(DefaultSingletonBeanRegistry.java:523) [spring-beans-4.3.8.RELEASE.jar:4.3.8.RELEASE]
	at org.springframework.beans.factory.support.DefaultListableBeanFactory.destroySingletons(DefaultListableBeanFactory.java:968) [spring-beans-4.3.8.RELEASE.jar:4.3.8.RELEASE]
	at org.springframework.context.support.AbstractApplicationContext.destroyBeans(AbstractApplicationContext.java:1033) [spring-context-4.3.8.RELEASE.jar:4.3.8.RELEASE]
	at org.springframework.context.support.AbstractApplicationContext.refresh(AbstractApplicationContext.java:555) [spring-context-4.3.8.RELEASE.jar:4.3.8.RELEASE]
	at org.springframework.boot.context.embedded.EmbeddedWebApplicationContext.refresh(EmbeddedWebApplicationContext.java:122) [spring-boot-1.5.3.RELEASE.jar:1.5.3.RELEASE]
	at org.springframework.boot.SpringApplication.refresh(SpringApplication.java:737) [spring-boot-1.5.3.RELEASE.jar:1.5.3.RELEASE]
	at org.springframework.boot.SpringApplication.refreshContext(SpringApplication.java:370) [spring-boot-1.5.3.RELEASE.jar:1.5.3.RELEASE]
	at org.springframework.boot.SpringApplication.run(SpringApplication.java:314) [spring-boot-1.5.3.RELEASE.jar:1.5.3.RELEASE]
	at com.sjy.Application.main(Application.java:50) [classes/:?]
	at sun.reflect.NativeMethodAccessorImpl.invoke0(Native Method) ~[?:1.8.0_131]
	at sun.reflect.NativeMethodAccessorImpl.invoke(NativeMethodAccessorImpl.java:62) ~[?:1.8.0_131]
	at sun.reflect.DelegatingMethodAccessorImpl.invoke(DelegatingMethodAccessorImpl.java:43) ~[?:1.8.0_131]
	at java.lang.reflect.Method.invoke(Method.java:498) ~[?:1.8.0_131]
	at org.springframework.boot.devtools.restart.RestartLauncher.run(RestartLauncher.java:49) [spring-boot-devtools-1.5.3.RELEASE.jar:1.5.3.RELEASE]
2019-02-21 10:23:56.852 [restartedMain] ERROR org.springframework.boot.SpringApplication-Application startup failed
org.springframework.beans.factory.BeanDefinitionStoreException: Unexpected exception parsing XML document from class path resource [dubbo/spring-dev.xml]; nested exception is java.lang.IllegalStateException: Duplicate spring bean id crmUserService
	at org.springframework.beans.factory.xml.XmlBeanDefinitionReader.doLoadBeanDefinitions(XmlBeanDefinitionReader.java:414) ~[spring-beans-4.3.8.RELEASE.jar:4.3.8.RELEASE]
	at org.springframework.beans.factory.xml.XmlBeanDefinitionReader.loadBeanDefinitions(XmlBeanDefinitionReader.java:336) ~[spring-beans-4.3.8.RELEASE.jar:4.3.8.RELEASE]
	at org.springframework.beans.factory.xml.XmlBeanDefinitionReader.loadBeanDefinitions(XmlBeanDefinitionReader.java:304) ~[spring-beans-4.3.8.RELEASE.jar:4.3.8.RELEASE]
	at org.springframework.beans.factory.support.AbstractBeanDefinitionReader.loadBeanDefinitions(AbstractBeanDefinitionReader.java:181) ~[spring-beans-4.3.8.RELEASE.jar:4.3.8.RELEASE]
	at org.springframework.beans.factory.support.AbstractBeanDefinitionReader.loadBeanDefinitions(AbstractBeanDefinitionReader.java:217) ~[spring-beans-4.3.8.RELEASE.jar:4.3.8.RELEASE]
	at org.springframework.beans.factory.support.AbstractBeanDefinitionReader.loadBeanDefinitions(AbstractBeanDefinitionReader.java:188) ~[spring-beans-4.3.8.RELEASE.jar:4.3.8.RELEASE]
	at org.springframework.context.annotation.ConfigurationClassBeanDefinitionReader.loadBeanDefinitionsFromImportedResources(ConfigurationClassBeanDefinitionReader.java:348) ~[spring-context-4.3.8.RELEASE.jar:4.3.8.RELEASE]
	at org.springframework.context.annotation.ConfigurationClassBeanDefinitionReader.loadBeanDefinitionsForConfigurationClass(ConfigurationClassBeanDefinitionReader.java:142) ~[spring-context-4.3.8.RELEASE.jar:4.3.8.RELEASE]
	at org.springframework.context.annotation.ConfigurationClassBeanDefinitionReader.loadBeanDefinitions(ConfigurationClassBeanDefinitionReader.java:116) ~[spring-context-4.3.8.RELEASE.jar:4.3.8.RELEASE]
	at org.springframework.context.annotation.ConfigurationClassPostProcessor.processConfigBeanDefinitions(ConfigurationClassPostProcessor.java:320) ~[spring-context-4.3.8.RELEASE.jar:4.3.8.RELEASE]
	at org.springframework.context.annotation.ConfigurationClassPostProcessor.postProcessBeanDefinitionRegistry(ConfigurationClassPostProcessor.java:228) ~[spring-context-4.3.8.RELEASE.jar:4.3.8.RELEASE]
	at org.springframework.context.support.PostProcessorRegistrationDelegate.invokeBeanDefinitionRegistryPostProcessors(PostProcessorRegistrationDelegate.java:270) ~[spring-context-4.3.8.RELEASE.jar:4.3.8.RELEASE]
	at org.springframework.context.support.PostProcessorRegistrationDelegate.invokeBeanFactoryPostProcessors(PostProcessorRegistrationDelegate.java:93) ~[spring-context-4.3.8.RELEASE.jar:4.3.8.RELEASE]
	at org.springframework.context.support.AbstractApplicationContext.invokeBeanFactoryPostProcessors(AbstractApplicationContext.java:686) ~[spring-context-4.3.8.RELEASE.jar:4.3.8.RELEASE]
	at org.springframework.context.support.AbstractApplicationContext.refresh(AbstractApplicationContext.java:524) ~[spring-context-4.3.8.RELEASE.jar:4.3.8.RELEASE]
	at org.springframework.boot.context.embedded.EmbeddedWebApplicationContext.refresh(EmbeddedWebApplicationContext.java:122) ~[spring-boot-1.5.3.RELEASE.jar:1.5.3.RELEASE]
	at org.springframework.boot.SpringApplication.refresh(SpringApplication.java:737) [spring-boot-1.5.3.RELEASE.jar:1.5.3.RELEASE]
	at org.springframework.boot.SpringApplication.refreshContext(SpringApplication.java:370) [spring-boot-1.5.3.RELEASE.jar:1.5.3.RELEASE]
	at org.springframework.boot.SpringApplication.run(SpringApplication.java:314) [spring-boot-1.5.3.RELEASE.jar:1.5.3.RELEASE]
	at com.sjy.Application.main(Application.java:50) [classes/:?]
	at sun.reflect.NativeMethodAccessorImpl.invoke0(Native Method) ~[?:1.8.0_131]
	at sun.reflect.NativeMethodAccessorImpl.invoke(NativeMethodAccessorImpl.java:62) ~[?:1.8.0_131]
	at sun.reflect.DelegatingMethodAccessorImpl.invoke(DelegatingMethodAccessorImpl.java:43) ~[?:1.8.0_131]
	at java.lang.reflect.Method.invoke(Method.java:498) ~[?:1.8.0_131]
	at org.springframework.boot.devtools.restart.RestartLauncher.run(RestartLauncher.java:49) [spring-boot-devtools-1.5.3.RELEASE.jar:1.5.3.RELEASE]
Caused by: java.lang.IllegalStateException: Duplicate spring bean id crmUserService
	at com.alibaba.dubbo.config.spring.schema.DubboBeanDefinitionParser.parse(DubboBeanDefinitionParser.java:106) ~[dubbo-2.5.4-SNAPSHOT.jar:2.5.4-SNAPSHOT]
	at com.alibaba.dubbo.config.spring.schema.DubboBeanDefinitionParser.parse(DubboBeanDefinitionParser.java:77) ~[dubbo-2.5.4-SNAPSHOT.jar:2.5.4-SNAPSHOT]
	at org.springframework.beans.factory.xml.NamespaceHandlerSupport.parse(NamespaceHandlerSupport.java:74) ~[spring-beans-4.3.8.RELEASE.jar:4.3.8.RELEASE]
	at org.springframework.beans.factory.xml.BeanDefinitionParserDelegate.parseCustomElement(BeanDefinitionParserDelegate.java:1411) ~[spring-beans-4.3.8.RELEASE.jar:4.3.8.RELEASE]
	at org.springframework.beans.factory.xml.BeanDefinitionParserDelegate.parseCustomElement(BeanDefinitionParserDelegate.java:1401) ~[spring-beans-4.3.8.RELEASE.jar:4.3.8.RELEASE]
	at org.springframework.beans.factory.xml.DefaultBeanDefinitionDocumentReader.parseBeanDefinitions(DefaultBeanDefinitionDocumentReader.java:172) ~[spring-beans-4.3.8.RELEASE.jar:4.3.8.RELEASE]
	at org.springframework.beans.factory.xml.DefaultBeanDefinitionDocumentReader.doRegisterBeanDefinitions(DefaultBeanDefinitionDocumentReader.java:142) ~[spring-beans-4.3.8.RELEASE.jar:4.3.8.RELEASE]
	at org.springframework.beans.factory.xml.DefaultBeanDefinitionDocumentReader.registerBeanDefinitions(DefaultBeanDefinitionDocumentReader.java:94) ~[spring-beans-4.3.8.RELEASE.jar:4.3.8.RELEASE]
	at org.springframework.beans.factory.xml.XmlBeanDefinitionReader.registerBeanDefinitions(XmlBeanDefinitionReader.java:508) ~[spring-beans-4.3.8.RELEASE.jar:4.3.8.RELEASE]
	at org.springframework.beans.factory.xml.XmlBeanDefinitionReader.doLoadBeanDefinitions(XmlBeanDefinitionReader.java:392) ~[spring-beans-4.3.8.RELEASE.jar:4.3.8.RELEASE]
	... 24 more
